{
  message: 'Database connected successfully',
  level: 'info',
  label: 'GK!',
  timestamp: '2023-06-19T10:06:53.506Z'
}
{
  message: 'app listening on port 5000',
  level: 'info',
  label: 'GK!',
  timestamp: '2023-06-19T10:06:53.524Z'
}
{
  message: 'Database connected successfully',
  level: 'info',
  label: 'GK!',
  timestamp: '2023-06-19T10:09:16.262Z'
}
{
  message: 'app listening on port 5000',
  level: 'info',
  label: 'GK!',
  timestamp: '2023-06-19T10:09:16.276Z'
}
{
  message: 'Database connected successfully',
  level: 'info',
  label: 'GK!',
  timestamp: '2023-06-19T10:09:47.745Z'
}
{
  message: 'app listening on port 5000',
  level: 'info',
  label: 'GK!',
  timestamp: '2023-06-19T10:09:47.765Z'
}
{
  message: 'Database connected successfully',
  level: 'info',
  label: 'GK!',
  timestamp: '2023-06-19T10:10:00.625Z'
}
{
  message: 'app listening on port 5000',
  level: 'info',
  label: 'GK!',
  timestamp: '2023-06-19T10:10:00.642Z'
}
{
  message: 'Database connected successfully',
  level: 'info',
  label: 'GK!',
  timestamp: '2023-06-19T10:10:25.533Z'
}
{
  message: 'app listening on port 5000',
  level: 'info',
  label: 'GK!',
  timestamp: '2023-06-19T10:10:25.554Z'
}
{
  message: 'Database connected successfully',
  level: 'info',
  label: 'GK!',
  timestamp: '2023-06-19T10:13:41.300Z'
}
{
  message: 'app listening on port 5000',
  level: 'info',
  label: 'GK!',
  timestamp: '2023-06-19T10:13:41.313Z'
}
